[36m[2025-08-25 20:36:48 DEBUG] [__init__:101][39m ###############################################################################
[36m[2025-08-25 20:36:48 DEBUG] [__init__:102][39m Running command 'run'
[36m[2025-08-25 20:36:48 DEBUG] [__init__:106][39m Using settings file '/Users/vitor/.chaostoolkit/settings.yaml'
[36m[2025-08-25 20:37:05 DEBUG] [__init__:101][39m ###############################################################################
[36m[2025-08-25 20:37:05 DEBUG] [__init__:102][39m Running command 'run'
[36m[2025-08-25 20:37:05 DEBUG] [__init__:106][39m Using settings file '/Users/vitor/.chaostoolkit/settings.yaml'
[36m[2025-08-25 20:37:05 DEBUG] [settings:31][39m The Chaos Toolkit settings file could not be found at '/Users/vitor/.chaostoolkit/settings.yaml'.
[36m[2025-08-25 20:37:05 DEBUG] [__init__:472][39m No controls to apply on 'loader'
[36m[2025-08-25 20:37:05 DEBUG] [__init__:472][39m No controls to apply on 'loader'
[36m[2025-08-25 20:37:05 DEBUG] [caching:24][39m Building activity cache...
[36m[2025-08-25 20:37:05 DEBUG] [caching:35][39m Cached 3 activities
[32m[2025-08-25 20:37:05 INFO] [experiment:59][39m Validating the experiment's syntax
[36m[2025-08-25 20:37:05 DEBUG] [configuration:64][39m Loading configuration...
[36m[2025-08-25 20:37:05 DEBUG] [secret:79][39m Loading secrets...
[36m[2025-08-25 20:37:05 DEBUG] [secret:104][39m Done loading secrets
[36m[2025-08-25 20:37:05 DEBUG] [caching:42][39m Clearing activities cache
[31m[2025-08-25 20:37:05 ERROR] [run:188][39m could not find Python module 'chaospoc.probes' in activity 'readyz-latency-under-150ms'
[36m[2025-08-25 20:37:05 DEBUG] [run:189][39m could not find Python module 'chaospoc.probes' in activity 'readyz-latency-under-150ms'
[36m[2025-08-25 20:38:20 DEBUG] [__init__:101][39m ###############################################################################
[36m[2025-08-25 20:38:20 DEBUG] [__init__:102][39m Running command 'run'
[36m[2025-08-25 20:38:20 DEBUG] [__init__:106][39m Using settings file '/Users/vitor/.chaostoolkit/settings.yaml'
[36m[2025-08-25 20:38:20 DEBUG] [settings:31][39m The Chaos Toolkit settings file could not be found at '/Users/vitor/.chaostoolkit/settings.yaml'.
[36m[2025-08-25 20:38:20 DEBUG] [__init__:472][39m No controls to apply on 'loader'
[36m[2025-08-25 20:38:20 DEBUG] [__init__:472][39m No controls to apply on 'loader'
[36m[2025-08-25 20:38:20 DEBUG] [caching:24][39m Building activity cache...
[36m[2025-08-25 20:38:20 DEBUG] [caching:35][39m Cached 3 activities
[32m[2025-08-25 20:38:20 INFO] [experiment:59][39m Validating the experiment's syntax
[36m[2025-08-25 20:38:20 DEBUG] [configuration:64][39m Loading configuration...
[36m[2025-08-25 20:38:20 DEBUG] [secret:79][39m Loading secrets...
[36m[2025-08-25 20:38:20 DEBUG] [secret:104][39m Done loading secrets
[36m[2025-08-25 20:38:20 DEBUG] [caching:42][39m Clearing activities cache
[31m[2025-08-25 20:38:20 ERROR] [run:188][39m could not find Python module 'chaospoc.probes' in activity 'readyz-latency-under-150ms'
[36m[2025-08-25 20:38:20 DEBUG] [run:189][39m could not find Python module 'chaospoc.probes' in activity 'readyz-latency-under-150ms'
[36m[2025-08-25 20:40:36 DEBUG] [__init__:101][39m ###############################################################################
[36m[2025-08-25 20:40:36 DEBUG] [__init__:102][39m Running command 'run'
[36m[2025-08-25 20:40:36 DEBUG] [__init__:106][39m Using settings file '/Users/vitor/.chaostoolkit/settings.yaml'
[36m[2025-08-25 20:40:36 DEBUG] [settings:31][39m The Chaos Toolkit settings file could not be found at '/Users/vitor/.chaostoolkit/settings.yaml'.
[36m[2025-08-25 20:40:36 DEBUG] [__init__:472][39m No controls to apply on 'loader'
[36m[2025-08-25 20:40:36 DEBUG] [__init__:472][39m No controls to apply on 'loader'
[36m[2025-08-25 20:40:36 DEBUG] [caching:24][39m Building activity cache...
[36m[2025-08-25 20:40:36 DEBUG] [caching:35][39m Cached 3 activities
[32m[2025-08-25 20:40:36 INFO] [experiment:59][39m Validating the experiment's syntax
[36m[2025-08-25 20:40:36 DEBUG] [configuration:64][39m Loading configuration...
[36m[2025-08-25 20:40:36 DEBUG] [secret:79][39m Loading secrets...
[36m[2025-08-25 20:40:36 DEBUG] [secret:104][39m Done loading secrets
[36m[2025-08-25 20:40:36 DEBUG] [caching:42][39m Clearing activities cache
[31m[2025-08-25 20:40:36 ERROR] [run:188][39m could not find Python module 'chaospoc.probes' in activity 'readyz-latency-under-150ms'
[36m[2025-08-25 20:40:36 DEBUG] [run:189][39m could not find Python module 'chaospoc.probes' in activity 'readyz-latency-under-150ms'
[36m[2025-08-25 20:40:53 DEBUG] [__init__:101][39m ###############################################################################
[36m[2025-08-25 20:40:53 DEBUG] [__init__:102][39m Running command 'run'
[36m[2025-08-25 20:40:53 DEBUG] [__init__:106][39m Using settings file '/Users/vitor/.chaostoolkit/settings.yaml'
[36m[2025-08-25 20:40:58 DEBUG] [__init__:101][39m ###############################################################################
[36m[2025-08-25 20:40:58 DEBUG] [__init__:102][39m Running command 'run'
[36m[2025-08-25 20:40:58 DEBUG] [__init__:106][39m Using settings file '/Users/vitor/.chaostoolkit/settings.yaml'
[36m[2025-08-25 20:40:58 DEBUG] [settings:31][39m The Chaos Toolkit settings file could not be found at '/Users/vitor/.chaostoolkit/settings.yaml'.
[36m[2025-08-25 20:40:58 DEBUG] [__init__:472][39m No controls to apply on 'loader'
[36m[2025-08-25 20:40:58 DEBUG] [__init__:472][39m No controls to apply on 'loader'
[36m[2025-08-25 20:40:58 DEBUG] [caching:24][39m Building activity cache...
[36m[2025-08-25 20:40:58 DEBUG] [caching:35][39m Cached 3 activities
[32m[2025-08-25 20:40:58 INFO] [experiment:59][39m Validating the experiment's syntax
[36m[2025-08-25 20:40:58 DEBUG] [configuration:64][39m Loading configuration...
[36m[2025-08-25 20:40:58 DEBUG] [secret:79][39m Loading secrets...
[36m[2025-08-25 20:40:58 DEBUG] [secret:104][39m Done loading secrets
[36m[2025-08-25 20:40:58 DEBUG] [caching:42][39m Clearing activities cache
[31m[2025-08-25 20:40:58 ERROR] [run:188][39m could not find Python module 'chaospoc.probes' in activity 'readyz-latency-under-150ms'
[36m[2025-08-25 20:40:58 DEBUG] [run:189][39m could not find Python module 'chaospoc.probes' in activity 'readyz-latency-under-150ms'
[36m[2025-08-25 20:41:18 DEBUG] [__init__:101][39m ###############################################################################
[36m[2025-08-25 20:41:18 DEBUG] [__init__:102][39m Running command 'run'
[36m[2025-08-25 20:41:18 DEBUG] [__init__:106][39m Using settings file '/Users/vitor/.chaostoolkit/settings.yaml'
[36m[2025-08-25 20:41:18 DEBUG] [settings:31][39m The Chaos Toolkit settings file could not be found at '/Users/vitor/.chaostoolkit/settings.yaml'.
[36m[2025-08-25 20:41:18 DEBUG] [__init__:472][39m No controls to apply on 'loader'
[36m[2025-08-25 20:41:18 DEBUG] [__init__:472][39m No controls to apply on 'loader'
[36m[2025-08-25 20:41:18 DEBUG] [caching:24][39m Building activity cache...
[36m[2025-08-25 20:41:18 DEBUG] [caching:35][39m Cached 3 activities
[32m[2025-08-25 20:41:18 INFO] [experiment:59][39m Validating the experiment's syntax
[36m[2025-08-25 20:41:18 DEBUG] [configuration:64][39m Loading configuration...
[36m[2025-08-25 20:41:18 DEBUG] [secret:79][39m Loading secrets...
[36m[2025-08-25 20:41:18 DEBUG] [secret:104][39m Done loading secrets
[36m[2025-08-25 20:41:19 DEBUG] [caching:42][39m Clearing activities cache
[31m[2025-08-25 20:41:19 ERROR] [run:188][39m argument 'name' is not part of the function signature in activity 'terminate_pods'
[36m[2025-08-25 20:41:19 DEBUG] [run:189][39m argument 'name' is not part of the function signature in activity 'terminate_pods'
[36m[2025-08-25 20:41:49 DEBUG] [__init__:101][39m ###############################################################################
[36m[2025-08-25 20:41:49 DEBUG] [__init__:102][39m Running command 'run'
[36m[2025-08-25 20:41:49 DEBUG] [__init__:106][39m Using settings file '/Users/vitor/.chaostoolkit/settings.yaml'
[36m[2025-08-25 20:41:49 DEBUG] [settings:31][39m The Chaos Toolkit settings file could not be found at '/Users/vitor/.chaostoolkit/settings.yaml'.
[36m[2025-08-25 20:41:49 DEBUG] [__init__:472][39m No controls to apply on 'loader'
[36m[2025-08-25 20:41:49 DEBUG] [__init__:472][39m No controls to apply on 'loader'
[36m[2025-08-25 20:41:49 DEBUG] [caching:24][39m Building activity cache...
[36m[2025-08-25 20:41:49 DEBUG] [caching:35][39m Cached 3 activities
[32m[2025-08-25 20:41:49 INFO] [experiment:59][39m Validating the experiment's syntax
[36m[2025-08-25 20:41:49 DEBUG] [configuration:64][39m Loading configuration...
[36m[2025-08-25 20:41:49 DEBUG] [secret:79][39m Loading secrets...
[36m[2025-08-25 20:41:49 DEBUG] [secret:104][39m Done loading secrets
[36m[2025-08-25 20:41:50 DEBUG] [caching:42][39m Clearing activities cache
[31m[2025-08-25 20:41:50 ERROR] [run:188][39m argument 'name' is not part of the function signature in activity 'terminate_pods'
[36m[2025-08-25 20:41:50 DEBUG] [run:189][39m argument 'name' is not part of the function signature in activity 'terminate_pods'
[36m[2025-08-25 20:44:04 DEBUG] [__init__:101][39m ###############################################################################
[36m[2025-08-25 20:44:04 DEBUG] [__init__:102][39m Running command 'run'
[36m[2025-08-25 20:44:04 DEBUG] [__init__:106][39m Using settings file '/Users/vitor/.chaostoolkit/settings.yaml'
[36m[2025-08-25 20:44:04 DEBUG] [settings:31][39m The Chaos Toolkit settings file could not be found at '/Users/vitor/.chaostoolkit/settings.yaml'.
[36m[2025-08-25 20:44:04 DEBUG] [__init__:472][39m No controls to apply on 'loader'
[36m[2025-08-25 20:44:04 DEBUG] [__init__:472][39m No controls to apply on 'loader'
[36m[2025-08-25 20:44:04 DEBUG] [caching:24][39m Building activity cache...
[36m[2025-08-25 20:44:04 DEBUG] [caching:35][39m Cached 3 activities
[32m[2025-08-25 20:44:04 INFO] [experiment:59][39m Validating the experiment's syntax
[36m[2025-08-25 20:44:04 DEBUG] [configuration:64][39m Loading configuration...
[36m[2025-08-25 20:44:04 DEBUG] [secret:79][39m Loading secrets...
[36m[2025-08-25 20:44:04 DEBUG] [secret:104][39m Done loading secrets
[36m[2025-08-25 20:44:04 DEBUG] [caching:42][39m Clearing activities cache
[31m[2025-08-25 20:44:04 ERROR] [run:188][39m Control 'log' must have a `provider` property
[36m[2025-08-25 20:44:04 DEBUG] [run:189][39m Control 'log' must have a `provider` property
[36m[2025-08-25 20:44:35 DEBUG] [__init__:101][39m ###############################################################################
[36m[2025-08-25 20:44:35 DEBUG] [__init__:102][39m Running command 'run'
[36m[2025-08-25 20:44:35 DEBUG] [__init__:106][39m Using settings file '/Users/vitor/.chaostoolkit/settings.yaml'
[36m[2025-08-25 20:44:35 DEBUG] [settings:31][39m The Chaos Toolkit settings file could not be found at '/Users/vitor/.chaostoolkit/settings.yaml'.
[36m[2025-08-25 20:44:35 DEBUG] [__init__:472][39m No controls to apply on 'loader'
[36m[2025-08-25 20:44:35 DEBUG] [__init__:472][39m No controls to apply on 'loader'
[36m[2025-08-25 20:44:35 DEBUG] [caching:24][39m Building activity cache...
[36m[2025-08-25 20:44:35 DEBUG] [caching:35][39m Cached 3 activities
[32m[2025-08-25 20:44:35 INFO] [experiment:59][39m Validating the experiment's syntax
[36m[2025-08-25 20:44:35 DEBUG] [configuration:64][39m Loading configuration...
[36m[2025-08-25 20:44:35 DEBUG] [secret:79][39m Loading secrets...
[36m[2025-08-25 20:44:35 DEBUG] [secret:104][39m Done loading secrets
[36m[2025-08-25 20:44:36 DEBUG] [caching:42][39m Clearing activities cache
[31m[2025-08-25 20:44:36 ERROR] [run:188][39m Control 'log' must have a `provider` property
[36m[2025-08-25 20:44:36 DEBUG] [run:189][39m Control 'log' must have a `provider` property
